<?xml version="1.0" encoding="UTF-8"?>
<testsuite name="com.mostlygoodmetrics.sdk.MGMLoggerTest" tests="2" skipped="0" failures="0" errors="0" timestamp="2025-12-07T00:15:59.160Z" hostname="Joshs-MacBook-Air.local" time="0.003">
  <properties/>
  <testcase name="logging methods do not throw when disabled" classname="com.mostlygoodmetrics.sdk.MGMLoggerTest" time="0.002"/>
  <testcase name="logger can be enabled and disabled" classname="com.mostlygoodmetrics.sdk.MGMLoggerTest" time="0.0"/>
  <system-out><![CDATA[]]></system-out>
  <system-err><![CDATA[]]></system-err>
</testsuite>
