<?xml version="1.0" encoding="UTF-8"?>
<testsuite name="com.mostlygoodmetrics.sdk.EventStorageTest" tests="25" skipped="0" failures="0" errors="0" timestamp="2025-12-07T00:15:59.166Z" hostname="Joshs-MacBook-Air.local" time="0.15">
  <properties/>
  <testcase name="fetchEvents with limit larger than count returns all events" classname="com.mostlygoodmetrics.sdk.EventStorageTest" time="0.004"/>
  <testcase name="initial storage is empty" classname="com.mostlygoodmetrics.sdk.EventStorageTest" time="0.0"/>
  <testcase name="concurrent store and fetch is thread-safe" classname="com.mostlygoodmetrics.sdk.EventStorageTest" time="0.064"/>
  <testcase name="removeEvents removes all specified events" classname="com.mostlygoodmetrics.sdk.EventStorageTest" time="0.002"/>
  <testcase name="concurrent access is thread-safe" classname="com.mostlygoodmetrics.sdk.EventStorageTest" time="0.005"/>
  <testcase name="store multiple events" classname="com.mostlygoodmetrics.sdk.EventStorageTest" time="0.001"/>
  <testcase name="clear on empty storage does nothing" classname="com.mostlygoodmetrics.sdk.EventStorageTest" time="0.0"/>
  <testcase name="storage handles events with same name" classname="com.mostlygoodmetrics.sdk.EventStorageTest" time="0.0"/>
  <testcase name="storage handles events with minimal fields" classname="com.mostlygoodmetrics.sdk.EventStorageTest" time="0.0"/>
  <testcase name="store adds event" classname="com.mostlygoodmetrics.sdk.EventStorageTest" time="0.0"/>
  <testcase name="removeEvents handles events not in storage" classname="com.mostlygoodmetrics.sdk.EventStorageTest" time="0.001"/>
  <testcase name="fetchEvents does not remove events" classname="com.mostlygoodmetrics.sdk.EventStorageTest" time="0.0"/>
  <testcase name="storage can be reused after clear" classname="com.mostlygoodmetrics.sdk.EventStorageTest" time="0.0"/>
  <testcase name="removeEvents with empty list does nothing" classname="com.mostlygoodmetrics.sdk.EventStorageTest" time="0.001"/>
  <testcase name="concurrent store and remove is thread-safe" classname="com.mostlygoodmetrics.sdk.EventStorageTest" time="0.063"/>
  <testcase name="storage rotates when max events exceeded" classname="com.mostlygoodmetrics.sdk.EventStorageTest" time="0.0"/>
  <testcase name="fetchEvents returns empty list when storage is empty" classname="com.mostlygoodmetrics.sdk.EventStorageTest" time="0.0"/>
  <testcase name="removeEvents removes specified events" classname="com.mostlygoodmetrics.sdk.EventStorageTest" time="0.006"/>
  <testcase name="fetchEvents with zero limit returns empty list" classname="com.mostlygoodmetrics.sdk.EventStorageTest" time="0.0"/>
  <testcase name="fetchEvents returns events in order" classname="com.mostlygoodmetrics.sdk.EventStorageTest" time="0.001"/>
  <testcase name="rotation preserves newest events" classname="com.mostlygoodmetrics.sdk.EventStorageTest" time="0.0"/>
  <testcase name="storage handles events with all fields populated" classname="com.mostlygoodmetrics.sdk.EventStorageTest" time="0.0"/>
  <testcase name="clear removes all events" classname="com.mostlygoodmetrics.sdk.EventStorageTest" time="0.0"/>
  <testcase name="fetchEvents respects limit" classname="com.mostlygoodmetrics.sdk.EventStorageTest" time="0.0"/>
  <testcase name="max events of 1 keeps only last event" classname="com.mostlygoodmetrics.sdk.EventStorageTest" time="0.0"/>
  <system-out><![CDATA[]]></system-out>
  <system-err><![CDATA[]]></system-err>
</testsuite>
