<?xml version="1.0" encoding="UTF-8"?>
<testsuite name="com.mostlygoodmetrics.sdk.MGMConfigurationTest" tests="7" skipped="0" failures="0" errors="0" timestamp="2025-12-07T00:15:59.317Z" hostname="Joshs-MacBook-Air.local" time="0.005">
  <properties/>
  <testcase name="maxBatchSize is clamped to valid range" classname="com.mostlygoodmetrics.sdk.MGMConfigurationTest" time="0.004"/>
  <testcase name="builder throws on empty API key" classname="com.mostlygoodmetrics.sdk.MGMConfigurationTest" time="0.0"/>
  <testcase name="flushIntervalSeconds has minimum of 1" classname="com.mostlygoodmetrics.sdk.MGMConfigurationTest" time="0.001"/>
  <testcase name="builder throws on blank API key" classname="com.mostlygoodmetrics.sdk.MGMConfigurationTest" time="0.0"/>
  <testcase name="maxStoredEvents has minimum of 100" classname="com.mostlygoodmetrics.sdk.MGMConfigurationTest" time="0.0"/>
  <testcase name="builder creates configuration with defaults" classname="com.mostlygoodmetrics.sdk.MGMConfigurationTest" time="0.0"/>
  <testcase name="builder allows customization" classname="com.mostlygoodmetrics.sdk.MGMConfigurationTest" time="0.0"/>
  <system-out><![CDATA[]]></system-out>
  <system-err><![CDATA[]]></system-err>
</testsuite>
