<?xml version="1.0" encoding="UTF-8"?>
<testsuite name="com.mostlygoodmetrics.sdk.SendResultTest" tests="3" skipped="0" failures="0" errors="0" timestamp="2025-12-07T00:15:59.865Z" hostname="Joshs-MacBook-Air.local" time="0.0">
  <properties/>
  <testcase name="RetryLater result contains error" classname="com.mostlygoodmetrics.sdk.SendResultTest" time="0.0"/>
  <testcase name="Success result is correctly identified" classname="com.mostlygoodmetrics.sdk.SendResultTest" time="0.0"/>
  <testcase name="DropEvents result contains error" classname="com.mostlygoodmetrics.sdk.SendResultTest" time="0.0"/>
  <system-out><![CDATA[]]></system-out>
  <system-err><![CDATA[]]></system-err>
</testsuite>
